# JRE version: OpenJDK Runtime Environment (15.0.1+9) (build 15.0.1+9-18)
# Java VM: OpenJDK 64-Bit Server VM (15.0.1+9-18, mixed mode, tiered, compressed oops, g1 gc, windows-amd64)
GC Precious Log:
 CPUs: 8 total, 8 available
 Memory: 4005M
 Large Page Support: Disabled
 NUMA Support: Disabled
 Compressed Oops: Enabled (32-bit)
 Heap Region Size: 1M
 Heap Min Capacity: 8M
 Heap Initial Capacity: 64M
 Heap Max Capacity: 1002M
 Pre-touch: Disabled
 Parallel Workers: 8
 Concurrent Workers: 2
 Concurrent Refinement Workers: 8
 Periodic GC: Disabled
Heap:
 garbage-first heap   total 51200K, used 20537K [0x00000000c1600000, 0x0000000100000000)
  region size 1024K, 6 young (6144K), 3 survivors (3072K)
 Metaspace       used 41372K, capacity 41914K, committed 42108K, reserved 1087488K
  class space    used 4837K, capacity 5025K, committed 5068K, reserved 1048576K
GC Heap History (20 events):
Event: 1.531 GC heap before
{Heap before GC invocations=5 (full 0):
 garbage-first heap   total 37888K, used 36986K [0x00000000c1600000, 0x0000000100000000)
  region size 1024K, 30 young (30720K), 3 survivors (3072K)
 Metaspace       used 25853K, capacity 26140K, committed 26236K, reserved 1073152K
  class space    used 2882K, capacity 2965K, committed 3020K, reserved 1048576K
}
Event: 1.535 GC heap after
{Heap after GC invocations=6 (full 0):
 garbage-first heap   total 41984K, used 10728K [0x00000000c1600000, 0x0000000100000000)
  region size 1024K, 4 young (4096K), 4 survivors (4096K)
 Metaspace       used 25853K, capacity 26140K, committed 26236K, reserved 1073152K
  class space    used 2882K, capacity 2965K, committed 3020K, reserved 1048576K
}
Event: 1.678 GC heap before
{Heap before GC invocations=6 (full 0):
 garbage-first heap   total 41984K, used 30184K [0x00000000c1600000, 0x0000000100000000)
  region size 1024K, 23 young (23552K), 4 survivors (4096K)
 Metaspace       used 27589K, capacity 27857K, committed 28028K, reserved 1075200K
  class space    used 3111K, capacity 3200K, committed 3276K, reserved 1048576K
}
Event: 1.682 GC heap after
{Heap after GC invocations=7 (full 0):
 garbage-first heap   total 51200K, used 11595K [0x00000000c1600000, 0x0000000100000000)
  region size 1024K, 3 young (3072K), 3 survivors (3072K)
 Metaspace       used 27589K, capacity 27857K, committed 28028K, reserved 1075200K
  class space    used 3111K, capacity 3200K, committed 3276K, reserved 1048576K
}
Event: 1.701 GC heap before
{Heap before GC invocations=7 (full 0):
 garbage-first heap   total 51200K, used 36171K [0x00000000c1600000, 0x0000000100000000)
  region size 1024K, 28 young (28672K), 3 survivors (3072K)
 Metaspace       used 27630K, capacity 27921K, committed 28028K, reserved 1075200K
  class space    used 3116K, capacity 3200K, committed 3276K, reserved 1048576K
}
Event: 1.703 GC heap after
{Heap after GC invocations=8 (full 0):
 garbage-first heap   total 51200K, used 11630K [0x00000000c1600000, 0x0000000100000000)
  region size 1024K, 2 young (2048K), 2 survivors (2048K)
 Metaspace       used 27630K, capacity 27921K, committed 28028K, reserved 1075200K
  class space    used 3116K, capacity 3200K, committed 3276K, reserved 1048576K
}
Event: 4.205 GC heap before
{Heap before GC invocations=8 (full 0):
 garbage-first heap   total 51200K, used 37230K [0x00000000c1600000, 0x0000000100000000)
  region size 1024K, 28 young (28672K), 2 survivors (2048K)
 Metaspace       used 29241K, capacity 29638K, committed 29820K, reserved 1075200K
  class space    used 3305K, capacity 3405K, committed 3532K, reserved 1048576K
}
Event: 4.207 GC heap after
{Heap after GC invocations=9 (full 0):
 garbage-first heap   total 51200K, used 12648K [0x00000000c1600000, 0x0000000100000000)
  region size 1024K, 3 young (3072K), 3 survivors (3072K)
 Metaspace       used 29241K, capacity 29638K, committed 29820K, reserved 1075200K
  class space    used 3305K, capacity 3405K, committed 3532K, reserved 1048576K
}
Event: 8.178 GC heap before
{Heap before GC invocations=9 (full 0):
 garbage-first heap   total 51200K, used 39272K [0x00000000c1600000, 0x0000000100000000)
  region size 1024K, 29 young (29696K), 3 survivors (3072K)
 Metaspace       used 32166K, capacity 32573K, committed 32764K, reserved 1079296K
  class space    used 3706K, capacity 3844K, committed 3916K, reserved 1048576K
}
Event: 8.181 GC heap after
{Heap after GC invocations=10 (full 0):
 garbage-first heap   total 51200K, used 14097K [0x00000000c1600000, 0x0000000100000000)
  region size 1024K, 4 young (4096K), 4 survivors (4096K)
 Metaspace       used 32166K, capacity 32573K, committed 32764K, reserved 1079296K
  class space    used 3706K, capacity 3844K, committed 3916K, reserved 1048576K
}
Event: 10.617 GC heap before
{Heap before GC invocations=10 (full 0):
 garbage-first heap   total 51200K, used 29457K [0x00000000c1600000, 0x0000000100000000)
  region size 1024K, 20 young (20480K), 4 survivors (4096K)
 Metaspace       used 35483K, capacity 35883K, committed 35964K, reserved 1081344K
  class space    used 4146K, capacity 4275K, committed 4300K, reserved 1048576K
}
Event: 10.622 GC heap after
{Heap after GC invocations=11 (full 0):
 garbage-first heap   total 51200K, used 15872K [0x00000000c1600000, 0x0000000100000000)
  region size 1024K, 4 young (4096K), 4 survivors (4096K)
 Metaspace       used 35483K, capacity 35883K, committed 35964K, reserved 1081344K
  class space    used 4146K, capacity 4275K, committed 4300K, reserved 1048576K
}
Event: 14.404 GC heap before
{Heap before GC invocations=12 (full 0):
 garbage-first heap   total 51200K, used 37376K [0x00000000c1600000, 0x0000000100000000)
  region size 1024K, 26 young (26624K), 4 survivors (4096K)
 Metaspace       used 38282K, capacity 38690K, committed 38908K, reserved 1083392K
  class space    used 4495K, capacity 4634K, committed 4684K, reserved 1048576K
}
Event: 14.409 GC heap after
{Heap after GC invocations=13 (full 0):
 garbage-first heap   total 51200K, used 17313K [0x00000000c1600000, 0x0000000100000000)
  region size 1024K, 4 young (4096K), 4 survivors (4096K)
 Metaspace       used 38282K, capacity 38690K, committed 38908K, reserved 1083392K
  class space    used 4495K, capacity 4634K, committed 4684K, reserved 1048576K
}
Event: 14.412 GC heap before
{Heap before GC invocations=13 (full 0):
 garbage-first heap   total 51200K, used 38817K [0x00000000c1600000, 0x0000000100000000)
  region size 1024K, 26 young (26624K), 4 survivors (4096K)
 Metaspace       used 38282K, capacity 38690K, committed 38908K, reserved 1083392K
  class space    used 4495K, capacity 4634K, committed 4684K, reserved 1048576K
}
Event: 14.416 GC heap after
{Heap after GC invocations=14 (full 0):
 garbage-first heap   total 51200K, used 17570K [0x00000000c1600000, 0x0000000100000000)
  region size 1024K, 2 young (2048K), 2 survivors (2048K)
 Metaspace       used 38282K, capacity 38690K, committed 38908K, reserved 1083392K
  class space    used 4495K, capacity 4634K, committed 4684K, reserved 1048576K
}
Event: 14.783 GC heap before
{Heap before GC invocations=14 (full 0):
 garbage-first heap   total 51200K, used 40098K [0x00000000c1600000, 0x0000000100000000)
  region size 1024K, 25 young (25600K), 2 survivors (2048K)
 Metaspace       used 39007K, capacity 39490K, committed 39804K, reserved 1085440K
  class space    used 4559K, capacity 4730K, committed 4812K, reserved 1048576K
}
Event: 14.786 GC heap after
{Heap after GC invocations=15 (full 0):
 garbage-first heap   total 51200K, used 17735K [0x00000000c1600000, 0x0000000100000000)
  region size 1024K, 2 young (2048K), 2 survivors (2048K)
 Metaspace       used 39007K, capacity 39490K, committed 39804K, reserved 1085440K
  class space    used 4559K, capacity 4730K, committed 4812K, reserved 1048576K
}
Event: 14.791 GC heap before
{Heap before GC invocations=15 (full 0):
 garbage-first heap   total 51200K, used 40263K [0x00000000c1600000, 0x0000000100000000)
  region size 1024K, 25 young (25600K), 2 survivors (2048K)
 Metaspace       used 39007K, capacity 39490K, committed 39804K, reserved 1085440K
  class space    used 4559K, capacity 4730K, committed 4812K, reserved 1048576K
}
Event: 14.793 GC heap after
{Heap after GC invocations=16 (full 0):
 garbage-first heap   total 51200K, used 17735K [0x00000000c1600000, 0x0000000100000000)
  region size 1024K, 2 young (2048K), 2 survivors (2048K)
 Metaspace       used 39007K, capacity 39490K, committed 39804K, reserved 1085440K
  class space    used 4559K, capacity 4730K, committed 4812K, reserved 1048576K
}

