# JRE version: OpenJDK Runtime Environment (15.0.1+9) (build 15.0.1+9-18)
# Java VM: OpenJDK 64-Bit Server VM (15.0.1+9-18, mixed mode, tiered, compressed oops, g1 gc, windows-amd64)
GC Precious Log:
 CPUs: 8 total, 8 available
 Memory: 4005M
 Large Page Support: Disabled
 NUMA Support: Disabled
 Compressed Oops: Enabled (32-bit)
 Heap Region Size: 1M
 Heap Min Capacity: 8M
 Heap Initial Capacity: 64M
 Heap Max Capacity: 1002M
 Pre-touch: Disabled
 Parallel Workers: 8
 Concurrent Workers: 2
 Concurrent Refinement Workers: 8
 Periodic GC: Disabled
Heap:
 garbage-first heap   total 66560K, used 25529K [0x00000000c1600000, 0x0000000100000000)
  region size 1024K, 11 young (11264K), 2 survivors (2048K)
 Metaspace       used 38689K, capacity 39202K, committed 39376K, reserved 1083392K
  class space    used 4535K, capacity 4698K, committed 4736K, reserved 1048576K
GC Heap History (20 events):
Event: 1.074 GC heap before
{Heap before GC invocations=3 (full 0):
 garbage-first heap   total 65536K, used 18831K [0x00000000c1600000, 0x0000000100000000)
  region size 1024K, 13 young (13312K), 2 survivors (2048K)
 Metaspace       used 20934K, capacity 21185K, committed 21296K, reserved 1069056K
  class space    used 2308K, capacity 2406K, committed 2432K, reserved 1048576K
}
Event: 1.077 GC heap after
{Heap after GC invocations=4 (full 0):
 garbage-first heap   total 65536K, used 9291K [0x00000000c1600000, 0x0000000100000000)
  region size 1024K, 3 young (3072K), 3 survivors (3072K)
 Metaspace       used 20934K, capacity 21185K, committed 21296K, reserved 1069056K
  class space    used 2308K, capacity 2406K, committed 2432K, reserved 1048576K
}
Event: 1.306 GC heap before
{Heap before GC invocations=5 (full 0):
 garbage-first heap   total 37888K, used 28747K [0x00000000c1600000, 0x0000000100000000)
  region size 1024K, 22 young (22528K), 3 survivors (3072K)
 Metaspace       used 25663K, capacity 25947K, committed 26288K, reserved 1073152K
  class space    used 2880K, capacity 2965K, committed 3072K, reserved 1048576K
}
Event: 1.309 GC heap after
{Heap after GC invocations=6 (full 0):
 garbage-first heap   total 46080K, used 10317K [0x00000000c1600000, 0x0000000100000000)
  region size 1024K, 2 young (2048K), 2 survivors (2048K)
 Metaspace       used 25663K, capacity 25947K, committed 26288K, reserved 1073152K
  class space    used 2880K, capacity 2965K, committed 3072K, reserved 1048576K
}
Event: 1.535 GC heap before
{Heap before GC invocations=6 (full 0):
 garbage-first heap   total 46080K, used 30797K [0x00000000c1600000, 0x0000000100000000)
  region size 1024K, 23 young (23552K), 2 survivors (2048K)
 Metaspace       used 27248K, capacity 27567K, committed 27696K, reserved 1073152K
  class space    used 3068K, capacity 3166K, committed 3200K, reserved 1048576K
}
Event: 1.538 GC heap after
{Heap after GC invocations=7 (full 0):
 garbage-first heap   total 46080K, used 11270K [0x00000000c1600000, 0x0000000100000000)
  region size 1024K, 2 young (2048K), 2 survivors (2048K)
 Metaspace       used 27248K, capacity 27567K, committed 27696K, reserved 1073152K
  class space    used 3068K, capacity 3166K, committed 3200K, reserved 1048576K
}
Event: 1.612 GC heap before
{Heap before GC invocations=7 (full 0):
 garbage-first heap   total 46080K, used 31750K [0x00000000c1600000, 0x0000000100000000)
  region size 1024K, 23 young (23552K), 2 survivors (2048K)
 Metaspace       used 27629K, capacity 27921K, committed 27952K, reserved 1075200K
  class space    used 3108K, capacity 3200K, committed 3200K, reserved 1048576K
}
Event: 1.615 GC heap after
{Heap after GC invocations=8 (full 0):
 garbage-first heap   total 46080K, used 11788K [0x00000000c1600000, 0x0000000100000000)
  region size 1024K, 2 young (2048K), 2 survivors (2048K)
 Metaspace       used 27629K, capacity 27921K, committed 27952K, reserved 1075200K
  class space    used 3108K, capacity 3200K, committed 3200K, reserved 1048576K
}
Event: 1.624 GC heap before
{Heap before GC invocations=8 (full 0):
 garbage-first heap   total 46080K, used 32268K [0x00000000c1600000, 0x0000000100000000)
  region size 1024K, 23 young (23552K), 2 survivors (2048K)
 Metaspace       used 27801K, capacity 28049K, committed 28208K, reserved 1075200K
  class space    used 3115K, capacity 3200K, committed 3200K, reserved 1048576K
}
Event: 1.629 GC heap after
{Heap after GC invocations=9 (full 0):
 garbage-first heap   total 46080K, used 11737K [0x00000000c1600000, 0x0000000100000000)
  region size 1024K, 2 young (2048K), 2 survivors (2048K)
 Metaspace       used 27801K, capacity 28049K, committed 28208K, reserved 1075200K
  class space    used 3115K, capacity 3200K, committed 3200K, reserved 1048576K
}
Event: 1.921 GC heap before
{Heap before GC invocations=9 (full 0):
 garbage-first heap   total 46080K, used 34265K [0x00000000c1600000, 0x0000000100000000)
  region size 1024K, 24 young (24576K), 2 survivors (2048K)
 Metaspace       used 29533K, capacity 29875K, committed 30000K, reserved 1075200K
  class space    used 3339K, capacity 3439K, committed 3456K, reserved 1048576K
}
Event: 1.924 GC heap after
{Heap after GC invocations=10 (full 0):
 garbage-first heap   total 55296K, used 13103K [0x00000000c1600000, 0x0000000100000000)
  region size 1024K, 3 young (3072K), 3 survivors (3072K)
 Metaspace       used 29533K, capacity 29875K, committed 30000K, reserved 1075200K
  class space    used 3339K, capacity 3439K, committed 3456K, reserved 1048576K
}
Event: 2.570 GC heap before
{Heap before GC invocations=10 (full 0):
 garbage-first heap   total 55296K, used 42799K [0x00000000c1600000, 0x0000000100000000)
  region size 1024K, 32 young (32768K), 3 survivors (3072K)
 Metaspace       used 34467K, capacity 34953K, committed 35120K, reserved 1081344K
  class space    used 4006K, capacity 4167K, committed 4224K, reserved 1048576K
}
Event: 2.576 GC heap after
{Heap after GC invocations=11 (full 0):
 garbage-first heap   total 55296K, used 15118K [0x00000000c1600000, 0x0000000100000000)
  region size 1024K, 4 young (4096K), 4 survivors (4096K)
 Metaspace       used 34467K, capacity 34953K, committed 35120K, reserved 1081344K
  class space    used 4006K, capacity 4167K, committed 4224K, reserved 1048576K
}
Event: 2.691 GC heap before
{Heap before GC invocations=11 (full 0):
 garbage-first heap   total 55296K, used 19214K [0x00000000c1600000, 0x0000000100000000)
  region size 1024K, 9 young (9216K), 4 survivors (4096K)
 Metaspace       used 35328K, capacity 35755K, committed 35920K, reserved 1081344K
  class space    used 4130K, capacity 4275K, committed 4352K, reserved 1048576K
}
Event: 2.695 GC heap after
{Heap after GC invocations=12 (full 0):
 garbage-first heap   total 55296K, used 15796K [0x00000000c1600000, 0x0000000100000000)
  region size 1024K, 1 young (1024K), 1 survivors (1024K)
 Metaspace       used 35328K, capacity 35755K, committed 35920K, reserved 1081344K
  class space    used 4130K, capacity 4275K, committed 4352K, reserved 1048576K
}
Event: 2.991 GC heap before
{Heap before GC invocations=13 (full 0):
 garbage-first heap   total 55296K, used 41396K [0x00000000c1600000, 0x0000000100000000)
  region size 1024K, 27 young (27648K), 1 survivors (1024K)
 Metaspace       used 38252K, capacity 38690K, committed 38864K, reserved 1083392K
  class space    used 4495K, capacity 4634K, committed 4736K, reserved 1048576K
}
Event: 2.994 GC heap after
{Heap after GC invocations=14 (full 0):
 garbage-first heap   total 55296K, used 17301K [0x00000000c1600000, 0x0000000100000000)
  region size 1024K, 3 young (3072K), 3 survivors (3072K)
 Metaspace       used 38252K, capacity 38690K, committed 38864K, reserved 1083392K
  class space    used 4495K, capacity 4634K, committed 4736K, reserved 1048576K
}
Event: 2.999 GC heap before
{Heap before GC invocations=14 (full 0):
 garbage-first heap   total 55296K, used 40853K [0x00000000c1600000, 0x0000000100000000)
  region size 1024K, 27 young (27648K), 3 survivors (3072K)
 Metaspace       used 38252K, capacity 38690K, committed 38864K, reserved 1083392K
  class space    used 4495K, capacity 4634K, committed 4736K, reserved 1048576K
}
Event: 3.001 GC heap after
{Heap after GC invocations=15 (full 0):
 garbage-first heap   total 66560K, used 17337K [0x00000000c1600000, 0x0000000100000000)
  region size 1024K, 2 young (2048K), 2 survivors (2048K)
 Metaspace       used 38252K, capacity 38690K, committed 38864K, reserved 1083392K
  class space    used 4495K, capacity 4634K, committed 4736K, reserved 1048576K
}

