# JRE version: OpenJDK Runtime Environment (15.0.1+9) (build 15.0.1+9-18)
# Java VM: OpenJDK 64-Bit Server VM (15.0.1+9-18, mixed mode, tiered, compressed oops, g1 gc, windows-amd64)
GC Precious Log:
 CPUs: 8 total, 8 available
 Memory: 4005M
 Large Page Support: Disabled
 NUMA Support: Disabled
 Compressed Oops: Enabled (32-bit)
 Heap Region Size: 1M
 Heap Min Capacity: 8M
 Heap Initial Capacity: 64M
 Heap Max Capacity: 1002M
 Pre-touch: Disabled
 Parallel Workers: 8
 Concurrent Workers: 2
 Concurrent Refinement Workers: 8
 Periodic GC: Disabled
Heap:
 garbage-first heap   total 65536K, used 18138K [0x00000000c1600000, 0x0000000100000000)
  region size 1024K, 2 young (2048K), 2 survivors (2048K)
 Metaspace       used 38259K, capacity 38689K, committed 38864K, reserved 1083392K
  class space    used 4495K, capacity 4634K, committed 4736K, reserved 1048576K
GC Heap History (20 events):
Event: 0.516 GC heap after
{Heap after GC invocations=2 (full 0):
 garbage-first heap   total 65536K, used 7327K [0x00000000c1600000, 0x0000000100000000)
  region size 1024K, 1 young (1024K), 1 survivors (1024K)
 Metaspace       used 11713K, capacity 11876K, committed 11904K, reserved 1060864K
  class space    used 1095K, capacity 1124K, committed 1152K, reserved 1048576K
}
Event: 0.915 GC heap before
{Heap before GC invocations=2 (full 0):
 garbage-first heap   total 65536K, used 39071K [0x00000000c1600000, 0x0000000100000000)
  region size 1024K, 33 young (33792K), 1 survivors (1024K)
 Metaspace       used 18260K, capacity 18560K, committed 18688K, reserved 1067008K
  class space    used 1893K, capacity 1984K, committed 2048K, reserved 1048576K
}
Event: 0.917 GC heap after
{Heap after GC invocations=3 (full 0):
 garbage-first heap   total 65536K, used 8955K [0x00000000c1600000, 0x0000000100000000)
  region size 1024K, 2 young (2048K), 2 survivors (2048K)
 Metaspace       used 18260K, capacity 18560K, committed 18688K, reserved 1067008K
  class space    used 1893K, capacity 1984K, committed 2048K, reserved 1048576K
}
Event: 1.049 GC heap before
{Heap before GC invocations=3 (full 0):
 garbage-first heap   total 65536K, used 19195K [0x00000000c1600000, 0x0000000100000000)
  region size 1024K, 13 young (13312K), 2 survivors (2048K)
 Metaspace       used 20883K, capacity 21153K, committed 21296K, reserved 1069056K
  class space    used 2297K, capacity 2374K, committed 2432K, reserved 1048576K
}
Event: 1.051 GC heap after
{Heap after GC invocations=4 (full 0):
 garbage-first heap   total 65536K, used 9817K [0x00000000c1600000, 0x0000000100000000)
  region size 1024K, 3 young (3072K), 3 survivors (3072K)
 Metaspace       used 20883K, capacity 21153K, committed 21296K, reserved 1069056K
  class space    used 2297K, capacity 2374K, committed 2432K, reserved 1048576K
}
Event: 1.355 GC heap before
{Heap before GC invocations=5 (full 0):
 garbage-first heap   total 40960K, used 38489K [0x00000000c1600000, 0x0000000100000000)
  region size 1024K, 32 young (32768K), 3 survivors (3072K)
 Metaspace       used 25920K, capacity 26204K, committed 26544K, reserved 1073152K
  class space    used 2884K, capacity 2965K, committed 3072K, reserved 1048576K
}
Event: 1.360 GC heap after
{Heap after GC invocations=6 (full 0):
 garbage-first heap   total 45056K, used 11200K [0x00000000c1600000, 0x0000000100000000)
  region size 1024K, 4 young (4096K), 4 survivors (4096K)
 Metaspace       used 25920K, capacity 26204K, committed 26544K, reserved 1073152K
  class space    used 2884K, capacity 2965K, committed 3072K, reserved 1048576K
}
Event: 1.667 GC heap before
{Heap before GC invocations=6 (full 0):
 garbage-first heap   total 45056K, used 31680K [0x00000000c1600000, 0x0000000100000000)
  region size 1024K, 24 young (24576K), 4 survivors (4096K)
 Metaspace       used 27636K, capacity 27921K, committed 27952K, reserved 1075200K
  class space    used 3115K, capacity 3200K, committed 3200K, reserved 1048576K
}
Event: 1.672 GC heap after
{Heap after GC invocations=7 (full 0):
 garbage-first heap   total 54272K, used 12177K [0x00000000c1600000, 0x0000000100000000)
  region size 1024K, 3 young (3072K), 3 survivors (3072K)
 Metaspace       used 27636K, capacity 27921K, committed 27952K, reserved 1075200K
  class space    used 3115K, capacity 3200K, committed 3200K, reserved 1048576K
}
Event: 1.682 GC heap before
{Heap before GC invocations=7 (full 0):
 garbage-first heap   total 54272K, used 37777K [0x00000000c1600000, 0x0000000100000000)
  region size 1024K, 29 young (29696K), 3 survivors (3072K)
 Metaspace       used 27636K, capacity 27921K, committed 27952K, reserved 1075200K
  class space    used 3115K, capacity 3200K, committed 3200K, reserved 1048576K
}
Event: 1.684 GC heap after
{Heap after GC invocations=8 (full 0):
 garbage-first heap   total 54272K, used 12131K [0x00000000c1600000, 0x0000000100000000)
  region size 1024K, 2 young (2048K), 2 survivors (2048K)
 Metaspace       used 27636K, capacity 27921K, committed 27952K, reserved 1075200K
  class space    used 3115K, capacity 3200K, committed 3200K, reserved 1048576K
}
Event: 1.994 GC heap before
{Heap before GC invocations=8 (full 0):
 garbage-first heap   total 54272K, used 38755K [0x00000000c1600000, 0x0000000100000000)
  region size 1024K, 29 young (29696K), 2 survivors (2048K)
 Metaspace       used 29483K, capacity 29805K, committed 30000K, reserved 1075200K
  class space    used 3334K, capacity 3438K, committed 3456K, reserved 1048576K
}
Event: 1.996 GC heap after
{Heap after GC invocations=9 (full 0):
 garbage-first heap   total 54272K, used 13385K [0x00000000c1600000, 0x0000000100000000)
  region size 1024K, 3 young (3072K), 3 survivors (3072K)
 Metaspace       used 29483K, capacity 29805K, committed 30000K, reserved 1075200K
  class space    used 3334K, capacity 3438K, committed 3456K, reserved 1048576K
}
Event: 2.512 GC heap before
{Heap before GC invocations=9 (full 0):
 garbage-first heap   total 54272K, used 41033K [0x00000000c1600000, 0x0000000100000000)
  region size 1024K, 30 young (30720K), 3 survivors (3072K)
 Metaspace       used 33510K, capacity 33883K, committed 34224K, reserved 1079296K
  class space    used 3870K, capacity 4004K, committed 4096K, reserved 1048576K
}
Event: 2.516 GC heap after
{Heap after GC invocations=10 (full 0):
 garbage-first heap   total 54272K, used 15026K [0x00000000c1600000, 0x0000000100000000)
  region size 1024K, 4 young (4096K), 4 survivors (4096K)
 Metaspace       used 33510K, capacity 33883K, committed 34224K, reserved 1079296K
  class space    used 3870K, capacity 4004K, committed 4096K, reserved 1048576K
}
Event: 2.679 GC heap before
{Heap before GC invocations=10 (full 0):
 garbage-first heap   total 54272K, used 23218K [0x00000000c1600000, 0x0000000100000000)
  region size 1024K, 13 young (13312K), 4 survivors (4096K)
 Metaspace       used 35330K, capacity 35753K, committed 35920K, reserved 1081344K
  class space    used 4130K, capacity 4275K, committed 4352K, reserved 1048576K
}
Event: 2.682 GC heap after
{Heap after GC invocations=11 (full 0):
 garbage-first heap   total 54272K, used 16318K [0x00000000c1600000, 0x0000000100000000)
  region size 1024K, 4 young (4096K), 4 survivors (4096K)
 Metaspace       used 35330K, capacity 35753K, committed 35920K, reserved 1081344K
  class space    used 4130K, capacity 4275K, committed 4352K, reserved 1048576K
}
Event: 2.945 GC heap before
{Heap before GC invocations=12 (full 0):
 garbage-first heap   total 54272K, used 35774K [0x00000000c1600000, 0x0000000100000000)
  region size 1024K, 24 young (24576K), 4 survivors (4096K)
 Metaspace       used 38259K, capacity 38689K, committed 38864K, reserved 1083392K
  class space    used 4495K, capacity 4634K, committed 4736K, reserved 1048576K
}
Event: 2.949 GC heap after
{Heap after GC invocations=13 (full 0):
 garbage-first heap   total 54272K, used 17872K [0x00000000c1600000, 0x0000000100000000)
  region size 1024K, 3 young (3072K), 3 survivors (3072K)
 Metaspace       used 38259K, capacity 38689K, committed 38864K, reserved 1083392K
  class space    used 4495K, capacity 4634K, committed 4736K, reserved 1048576K
}
Event: 2.952 GC heap before
{Heap before GC invocations=13 (full 0):
 garbage-first heap   total 54272K, used 37328K [0x00000000c1600000, 0x0000000100000000)
  region size 1024K, 23 young (23552K), 3 survivors (3072K)
 Metaspace       used 38259K, capacity 38689K, committed 38864K, reserved 1083392K
  class space    used 4495K, capacity 4634K, committed 4736K, reserved 1048576K
}

